<html>
<head>
<title>TestNG:  Surefire test</title>
<link href="../testng.css" rel="stylesheet" type="text/css" />
<link href="../my-testng.css" rel="stylesheet" type="text/css" />

<style type="text/css">
.log { display: none;} 
.stack-trace { display: none;} 
</style>
<script type="text/javascript">
<!--
function flip(e) {
  current = e.style.display;
  if (current == 'block') {
    e.style.display = 'none';
    return 0;
  }
  else {
    e.style.display = 'block';
    return 1;
  }
}

function toggleBox(szDivId, elem, msg1, msg2)
{
  var res = -1;  if (document.getElementById) {
    res = flip(document.getElementById(szDivId));
  }
  else if (document.all) {
    // this is the way old msie versions work
    res = flip(document.all[szDivId]);
  }
  if(elem) {
    if(res == 0) elem.innerHTML = msg1; else elem.innerHTML = msg2;
  }

}

function toggleAllBoxes() {
  if (document.getElementsByTagName) {
    d = document.getElementsByTagName('div');
    for (i = 0; i < d.length; i++) {
      if (d[i].className == 'log') {
        flip(d[i]);
      }
    }
  }
}

// -->
</script>

</head>
<body>
<h2 align='center'>Surefire test</h2><table border='1' align="center">
<tr>
<td>Tests passed/Failed/Skipped:</td><td>15/4/0</td>
</tr><tr>
<td>Started on:</td><td>Wed Sep 14 16:12:56 EET 2022</td>
</tr>
<tr><td>Total time:</td><td>251 seconds (251307 ms)</td>
</tr><tr>
<td>Included groups:</td><td></td>
</tr><tr>
<td>Excluded groups:</td><td></td>
</tr>
</table><p/>
<small><i>(Hover the method name to see the test class name)</i></small><p/>
<table width='100%' border='1' class='invocation-failed'>
<tr><td colspan='4' align='center'><b>FAILED TESTS</b></td></tr>
<tr><td><b>Test method</b></td>
<td width="30%"><b>Exception</b></td>
<td width="10%"><b>Time (seconds)</b></td>
<td><b>Instance</b></td>
</tr>
<tr>
<td title='org.example.testRunners.runners.runScenario()'><b>runScenario</b><br>Test class: org.example.testRunners.runners<br>Test method: Runs Cucumber Scenarios<br>Parameters: "user opens facebook link", "follow us feature"</td>
<td><div><pre>java.lang.AssertionError: expected [https://web.facebook.com/nopCommerce?_rdc=1&amp;_rdr] but found [https://www.facebook.com/nopCommerce]
	at org.example.stepDefs.D07_followUsStepDef.clickFacebookLink(D07_followUsStepDef.java:22)
	at ?.click on FacebookLink(file:///G:/Gaber/E-comerce%20projects/E-commerceFinalProject1/src/main/resources/features/F07_followUs.feature:10)
... Removed 6 stack frames</pre></div><a href='#' onClick='toggleBox("stack-trace894746048", this, "Click to show all stack frames", "Click to hide stack frames")'>Click to show all stack frames</a>
<div class='stack-trace' id='stack-trace894746048'><pre>java.lang.AssertionError: expected [https://web.facebook.com/nopCommerce?_rdc=1&amp;_rdr] but found [https://www.facebook.com/nopCommerce]
	at org.testng.Assert.fail(Assert.java:110)
	at org.testng.Assert.failNotEquals(Assert.java:1413)
	at org.testng.Assert.assertEqualsImpl(Assert.java:149)
	at org.testng.Assert.assertEquals(Assert.java:131)
	at org.testng.Assert.assertEquals(Assert.java:655)
	at org.testng.Assert.assertEquals(Assert.java:665)
	at org.example.stepDefs.D07_followUsStepDef.clickFacebookLink(D07_followUsStepDef.java:22)
	at ?.click on FacebookLink(file:///G:/Gaber/E-comerce%20projects/E-commerceFinalProject1/src/main/resources/features/F07_followUs.feature:10)
</pre></div></td>
<td>12</td>
<td>org.example.testRunners.runners@c46bcd4</td></tr>
<tr>
<td title='org.example.testRunners.runners.runScenario()'><b>runScenario</b><br>Test class: org.example.testRunners.runners<br>Test method: Runs Cucumber Scenarios<br>Parameters: "user opens rss link", "follow us feature"</td>
<td><div><pre>java.lang.IndexOutOfBoundsException: Index: 1, Size: 1
	at java.util.ArrayList.rangeCheck(ArrayList.java:659)
	at java.util.ArrayList.get(ArrayList.java:435)
	at org.example.stepDefs.D07_followUsStepDef.clickOnRssLink(D07_followUsStepDef.java:47)
	at ?.click on RssLink(file:///G:/Gaber/E-comerce%20projects/E-commerceFinalProject1/src/main/resources/features/F07_followUs.feature:22)
</pre></div><a href='#' onClick='toggleBox("stack-trace720242436", this, "Click to show all stack frames", "Click to hide stack frames")'>Click to show all stack frames</a>
<div class='stack-trace' id='stack-trace720242436'><pre>java.lang.IndexOutOfBoundsException: Index: 1, Size: 1
	at java.util.ArrayList.rangeCheck(ArrayList.java:659)
	at java.util.ArrayList.get(ArrayList.java:435)
	at org.example.stepDefs.D07_followUsStepDef.clickOnRssLink(D07_followUsStepDef.java:47)
	at ?.click on RssLink(file:///G:/Gaber/E-comerce%20projects/E-commerceFinalProject1/src/main/resources/features/F07_followUs.feature:22)
</pre></div></td>
<td>12</td>
<td>org.example.testRunners.runners@c46bcd4</td></tr>
<tr>
<td title='org.example.testRunners.runners.runScenario()'><b>runScenario</b><br>Test class: org.example.testRunners.runners<br>Test method: Runs Cucumber Scenarios<br>Parameters: "user select from the HomeSlider IPhone", "selecting fom HomeSlider"</td>
<td><div><pre>java.lang.AssertionError: expected [https://demo.nopcommerce.com/iphone-6] but found [https://demo.nopcommerce.com/]
	at org.example.stepDefs.D06_homeSlidersStepDef.clickOnSliderIPHone(D06_homeSlidersStepDef.java:25)
	at ?.click on the HomeSlider Iphone(file:///G:/Gaber/E-comerce%20projects/E-commerceFinalProject1/src/main/resources/features/F06_homeSliders.feature:15)
... Removed 6 stack frames</pre></div><a href='#' onClick='toggleBox("stack-trace1216139639", this, "Click to show all stack frames", "Click to hide stack frames")'>Click to show all stack frames</a>
<div class='stack-trace' id='stack-trace1216139639'><pre>java.lang.AssertionError: expected [https://demo.nopcommerce.com/iphone-6] but found [https://demo.nopcommerce.com/]
	at org.testng.Assert.fail(Assert.java:110)
	at org.testng.Assert.failNotEquals(Assert.java:1413)
	at org.testng.Assert.assertEqualsImpl(Assert.java:149)
	at org.testng.Assert.assertEquals(Assert.java:131)
	at org.testng.Assert.assertEquals(Assert.java:655)
	at org.testng.Assert.assertEquals(Assert.java:665)
	at org.example.stepDefs.D06_homeSlidersStepDef.clickOnSliderIPHone(D06_homeSlidersStepDef.java:25)
	at ?.click on the HomeSlider Iphone(file:///G:/Gaber/E-comerce%20projects/E-commerceFinalProject1/src/main/resources/features/F06_homeSliders.feature:15)
</pre></div></td>
<td>14</td>
<td>org.example.testRunners.runners@c46bcd4</td></tr>
<tr>
<td title='org.example.testRunners.runners.runScenario()'><b>runScenario</b><br>Test class: org.example.testRunners.runners<br>Test method: Runs Cucumber Scenarios<br>Parameters: "user select from the HomeSlider Nokia", "selecting fom HomeSlider"</td>
<td><div><pre>java.lang.AssertionError: expected [https://demo.nopcommerce.com/nokia-lumia-1020] but found [https://demo.nopcommerce.com/]
	at org.example.stepDefs.D06_homeSlidersStepDef.clickONSliderN(D06_homeSlidersStepDef.java:17)
	at ?.click on the HomeSlider Nokia(file:///G:/Gaber/E-comerce%20projects/E-commerceFinalProject1/src/main/resources/features/F06_homeSliders.feature:9)
... Removed 6 stack frames</pre></div><a href='#' onClick='toggleBox("stack-trace945683299", this, "Click to show all stack frames", "Click to hide stack frames")'>Click to show all stack frames</a>
<div class='stack-trace' id='stack-trace945683299'><pre>java.lang.AssertionError: expected [https://demo.nopcommerce.com/nokia-lumia-1020] but found [https://demo.nopcommerce.com/]
	at org.testng.Assert.fail(Assert.java:110)
	at org.testng.Assert.failNotEquals(Assert.java:1413)
	at org.testng.Assert.assertEqualsImpl(Assert.java:149)
	at org.testng.Assert.assertEquals(Assert.java:131)
	at org.testng.Assert.assertEquals(Assert.java:655)
	at org.testng.Assert.assertEquals(Assert.java:665)
	at org.example.stepDefs.D06_homeSlidersStepDef.clickONSliderN(D06_homeSlidersStepDef.java:17)
	at ?.click on the HomeSlider Nokia(file:///G:/Gaber/E-comerce%20projects/E-commerceFinalProject1/src/main/resources/features/F06_homeSliders.feature:9)
</pre></div></td>
<td>12</td>
<td>org.example.testRunners.runners@c46bcd4</td></tr>
</table><p>
<table width='100%' border='1' class='invocation-passed'>
<tr><td colspan='4' align='center'><b>PASSED TESTS</b></td></tr>
<tr><td><b>Test method</b></td>
<td width="30%"><b>Exception</b></td>
<td width="10%"><b>Time (seconds)</b></td>
<td><b>Instance</b></td>
</tr>
<tr>
<td title='org.example.testRunners.runners.runScenario()'><b>runScenario</b><br>Test class: org.example.testRunners.runners<br>Test method: Runs Cucumber Scenarios<br>Parameters: "user enter different variables in the search field to search for", "user can search in the Website successfully"</td>
<td></td>
<td>10</td>
<td>org.example.testRunners.runners@c46bcd4</td></tr>
<tr>
<td title='org.example.testRunners.runners.runScenario()'><b>runScenario</b><br>Test class: org.example.testRunners.runners<br>Test method: Runs Cucumber Scenarios<br>Parameters: "guest user could register with valid data successfully", "Register: user could register with new account"</td>
<td></td>
<td>11</td>
<td>org.example.testRunners.runners@c46bcd4</td></tr>
<tr>
<td title='org.example.testRunners.runners.runScenario()'><b>runScenario</b><br>Test class: org.example.testRunners.runners<br>Test method: Runs Cucumber Scenarios<br>Parameters: "user select currency successfully", "user can select currency and applied to products successfully"</td>
<td></td>
<td>11</td>
<td>org.example.testRunners.runners@c46bcd4</td></tr>
<tr>
<td title='org.example.testRunners.runners.runScenario()'><b>runScenario</b><br>Test class: org.example.testRunners.runners<br>Test method: Runs Cucumber Scenarios<br>Parameters: "user enter InValid email and password", "Login: users could use their accounts to login successfully"</td>
<td></td>
<td>10</td>
<td>org.example.testRunners.runners@c46bcd4</td></tr>
<tr>
<td title='org.example.testRunners.runners.runScenario()'><b>runScenario</b><br>Test class: org.example.testRunners.runners<br>Test method: Runs Cucumber Scenarios<br>Parameters: "user enter different variables in the search field to search for", "user can search in the Website successfully"</td>
<td></td>
<td>12</td>
<td>org.example.testRunners.runners@c46bcd4</td></tr>
<tr>
<td title='org.example.testRunners.runners.runScenario()'><b>runScenario</b><br>Test class: org.example.testRunners.runners<br>Test method: Runs Cucumber Scenarios<br>Parameters: "user click on wishlist button to add item to wishlist", "Wishlist Feature to add items to wishlist"</td>
<td></td>
<td>13</td>
<td>org.example.testRunners.runners@c46bcd4</td></tr>
<tr>
<td title='org.example.testRunners.runners.runScenario()'><b>runScenario</b><br>Test class: org.example.testRunners.runners<br>Test method: Runs Cucumber Scenarios<br>Parameters: "user opens youtube link", "follow us feature"</td>
<td></td>
<td>20</td>
<td>org.example.testRunners.runners@c46bcd4</td></tr>
<tr>
<td title='org.example.testRunners.runners.runScenario()'><b>runScenario</b><br>Test class: org.example.testRunners.runners<br>Test method: Runs Cucumber Scenarios<br>Parameters: "user enter different variables in the search field to search for", "user can search in the Website successfully"</td>
<td></td>
<td>14</td>
<td>org.example.testRunners.runners@c46bcd4</td></tr>
<tr>
<td title='org.example.testRunners.runners.runScenario()'><b>runScenario</b><br>Test class: org.example.testRunners.runners<br>Test method: Runs Cucumber Scenarios<br>Parameters: "user enter valid email and password", "Login: users could use their accounts to login successfully"</td>
<td></td>
<td>10</td>
<td>org.example.testRunners.runners@c46bcd4</td></tr>
<tr>
<td title='org.example.testRunners.runners.runScenario()'><b>runScenario</b><br>Test class: org.example.testRunners.runners<br>Test method: Runs Cucumber Scenarios<br>Parameters: "user hover on a category then select a sub-category", "user can hover on main Categories and select  sub-categories"</td>
<td></td>
<td>25</td>
<td>org.example.testRunners.runners@c46bcd4</td></tr>
<tr>
<td title='org.example.testRunners.runners.runScenario()'><b>runScenario</b><br>Test class: org.example.testRunners.runners<br>Test method: Runs Cucumber Scenarios<br>Parameters: "user enter different variables in the search field to search for", "user can search in the Website successfully"</td>
<td></td>
<td>13</td>
<td>org.example.testRunners.runners@c46bcd4</td></tr>
<tr>
<td title='org.example.testRunners.runners.runScenario()'><b>runScenario</b><br>Test class: org.example.testRunners.runners<br>Test method: Runs Cucumber Scenarios<br>Parameters: "user click on wishlist button to add item to wishlist", "Wishlist Feature to add items to wishlist"</td>
<td></td>
<td>10</td>
<td>org.example.testRunners.runners@c46bcd4</td></tr>
<tr>
<td title='org.example.testRunners.runners.runScenario()'><b>runScenario</b><br>Test class: org.example.testRunners.runners<br>Test method: Runs Cucumber Scenarios<br>Parameters: "user enter different variables in the search field to search for", "user can search in the Website successfully"</td>
<td></td>
<td>11</td>
<td>org.example.testRunners.runners@c46bcd4</td></tr>
<tr>
<td title='org.example.testRunners.runners.runScenario()'><b>runScenario</b><br>Test class: org.example.testRunners.runners<br>Test method: Runs Cucumber Scenarios<br>Parameters: "user enter different variables in the search field to search for", "user can search in the Website successfully"</td>
<td></td>
<td>10</td>
<td>org.example.testRunners.runners@c46bcd4</td></tr>
<tr>
<td title='org.example.testRunners.runners.runScenario()'><b>runScenario</b><br>Test class: org.example.testRunners.runners<br>Test method: Runs Cucumber Scenarios<br>Parameters: "user opens twitter link", "follow us feature"</td>
<td></td>
<td>12</td>
<td>org.example.testRunners.runners@c46bcd4</td></tr>
</table><p>
</body>
</html>