<?xml version="1.0" encoding="UTF-8"?>
<!-- Generated by org.testng.reporters.JUnitReportReporter -->
<testsuite skipped="0" hostname="BI67-AHQ" name="org.example.testRunners.runners" tests="19" failures="3" timestamp="2022-09-14T16:17:07 EET" time="250.550" errors="1">
  <testcase name="runScenario" time="10.750" classname="org.example.testRunners.runners"/>
  <system-out/>
  <testcase name="runScenario" time="11.915" classname="org.example.testRunners.runners"/>
  <system-out/>
  <testcase name="runScenario" time="11.167" classname="org.example.testRunners.runners"/>
  <system-out/>
  <testcase name="runScenario" time="10.033" classname="org.example.testRunners.runners"/>
  <system-out/>
  <testcase name="runScenario" time="12.432" classname="org.example.testRunners.runners"/>
  <system-out/>
  <testcase name="runScenario" time="13.571" classname="org.example.testRunners.runners"/>
  <system-out/>
  <testcase name="runScenario" time="20.571" classname="org.example.testRunners.runners"/>
  <system-out/>
  <testcase name="runScenario" time="12.417" classname="org.example.testRunners.runners">
    <error type="java.lang.IndexOutOfBoundsException" message="Index: 1, Size: 1">
      <![CDATA[java.lang.IndexOutOfBoundsException: Index: 1, Size: 1
at java.util.ArrayList.rangeCheck(ArrayList.java:659)
at java.util.ArrayList.get(ArrayList.java:435)
at org.example.stepDefs.D07_followUsStepDef.clickOnRssLink(D07_followUsStepDef.java:47)
at ✽.click on RssLink(file:///G:/Gaber/E-comerce%20projects/E-commerceFinalProject1/src/main/resources/features/F07_followUs.feature:22)
]]>
    </error>
  </testcase> <!-- runScenario -->
  <system-out/>
  <testcase name="runScenario" time="14.160" classname="org.example.testRunners.runners"/>
  <system-out/>
  <testcase name="runScenario" time="14.682" classname="org.example.testRunners.runners">
    <failure type="java.lang.AssertionError" message="expected [https://demo.nopcommerce.com/iphone-6] but found [https://demo.nopcommerce.com/]">
      <![CDATA[java.lang.AssertionError: expected [https://demo.nopcommerce.com/iphone-6] but found [https://demo.nopcommerce.com/]
at org.testng.Assert.fail(Assert.java:110)
at org.testng.Assert.failNotEquals(Assert.java:1413)
at org.testng.Assert.assertEqualsImpl(Assert.java:149)
at org.testng.Assert.assertEquals(Assert.java:131)
at org.testng.Assert.assertEquals(Assert.java:655)
at org.testng.Assert.assertEquals(Assert.java:665)
at org.example.stepDefs.D06_homeSlidersStepDef.clickOnSliderIPHone(D06_homeSlidersStepDef.java:25)
at ✽.click on the HomeSlider Iphone(file:///G:/Gaber/E-comerce%20projects/E-commerceFinalProject1/src/main/resources/features/F06_homeSliders.feature:15)
]]>
    </failure>
  </testcase> <!-- runScenario -->
  <system-out/>
  <testcase name="runScenario" time="10.015" classname="org.example.testRunners.runners"/>
  <system-out/>
  <testcase name="runScenario" time="12.009" classname="org.example.testRunners.runners">
    <failure type="java.lang.AssertionError" message="expected [https://web.facebook.com/nopCommerce?_rdc=1&amp;_rdr] but found [https://www.facebook.com/nopCommerce]">
      <![CDATA[java.lang.AssertionError: expected [https://web.facebook.com/nopCommerce?_rdc=1&_rdr] but found [https://www.facebook.com/nopCommerce]
at org.testng.Assert.fail(Assert.java:110)
at org.testng.Assert.failNotEquals(Assert.java:1413)
at org.testng.Assert.assertEqualsImpl(Assert.java:149)
at org.testng.Assert.assertEquals(Assert.java:131)
at org.testng.Assert.assertEquals(Assert.java:655)
at org.testng.Assert.assertEquals(Assert.java:665)
at org.example.stepDefs.D07_followUsStepDef.clickFacebookLink(D07_followUsStepDef.java:22)
at ✽.click on FacebookLink(file:///G:/Gaber/E-comerce%20projects/E-commerceFinalProject1/src/main/resources/features/F07_followUs.feature:10)
]]>
    </failure>
  </testcase> <!-- runScenario -->
  <system-out/>
  <testcase name="runScenario" time="25.859" classname="org.example.testRunners.runners"/>
  <system-out/>
  <testcase name="runScenario" time="13.321" classname="org.example.testRunners.runners"/>
  <system-out/>
  <testcase name="runScenario" time="10.450" classname="org.example.testRunners.runners"/>
  <system-out/>
  <testcase name="runScenario" time="11.554" classname="org.example.testRunners.runners"/>
  <system-out/>
  <testcase name="runScenario" time="10.803" classname="org.example.testRunners.runners"/>
  <system-out/>
  <testcase name="runScenario" time="12.635" classname="org.example.testRunners.runners"/>
  <system-out/>
  <testcase name="runScenario" time="12.206" classname="org.example.testRunners.runners">
    <failure type="java.lang.AssertionError" message="expected [https://demo.nopcommerce.com/nokia-lumia-1020] but found [https://demo.nopcommerce.com/]">
      <![CDATA[java.lang.AssertionError: expected [https://demo.nopcommerce.com/nokia-lumia-1020] but found [https://demo.nopcommerce.com/]
at org.testng.Assert.fail(Assert.java:110)
at org.testng.Assert.failNotEquals(Assert.java:1413)
at org.testng.Assert.assertEqualsImpl(Assert.java:149)
at org.testng.Assert.assertEquals(Assert.java:131)
at org.testng.Assert.assertEquals(Assert.java:655)
at org.testng.Assert.assertEquals(Assert.java:665)
at org.example.stepDefs.D06_homeSlidersStepDef.clickONSliderN(D06_homeSlidersStepDef.java:17)
at ✽.click on the HomeSlider Nokia(file:///G:/Gaber/E-comerce%20projects/E-commerceFinalProject1/src/main/resources/features/F06_homeSliders.feature:9)
]]>
    </failure>
  </testcase> <!-- runScenario -->
  <system-out/>
</testsuite> <!-- org.example.testRunners.runners -->
